2024-12-17 15:02:13,645 INFO    StreamThr :1644618 [internal.py:wandb_internal():85] W&B internal server running at pid: 1644618, started at: 2024-12-17 15:02:13.644381
2024-12-17 15:02:13,646 DEBUG   HandlerThread:1644618 [handler.py:handle_request():158] handle_request: status
2024-12-17 15:02:13,646 INFO    WriterThread:1644618 [datastore.py:open_for_write():87] open: /ceph/ssd/staff/schwinn/projects/25/llm-quick-check/wandb/run-20241217_150212-20241212161856/run-20241212161856.wandb
2024-12-17 15:02:13,648 DEBUG   SenderThread:1644618 [sender.py:send():379] send: header
2024-12-17 15:02:13,648 DEBUG   SenderThread:1644618 [sender.py:send():379] send: run
2024-12-17 15:02:13,650 INFO    SenderThread:1644618 [sender.py:_setup_resume():749] checking resume status for omega_alignment/vlm_icml_leo/20241212161856
2024-12-17 15:02:14,189 ERROR   SenderThread:1644618 [internal_api.py:execute():344] 409 response executing GraphQL.
2024-12-17 15:02:14,190 ERROR   SenderThread:1644618 [internal_api.py:execute():345] {"errors":[{"message":"run 20241212161856 was previously created and deleted; try a new run name","path":["upsertBucket"]}],"data":{"upsertBucket":null}}
2024-12-17 15:02:15,462 ERROR   SenderThread:1644618 [internal_api.py:execute():344] 409 response executing GraphQL.
2024-12-17 15:02:15,462 ERROR   SenderThread:1644618 [internal_api.py:execute():345] {"errors":[{"message":"run 20241212161856 was previously created and deleted; try a new run name","path":["upsertBucket"]}],"data":{"upsertBucket":null}}
2024-12-17 15:02:17,720 ERROR   SenderThread:1644618 [internal_api.py:execute():344] 409 response executing GraphQL.
2024-12-17 15:02:17,721 ERROR   SenderThread:1644618 [internal_api.py:execute():345] {"errors":[{"message":"run 20241212161856 was previously created and deleted; try a new run name","path":["upsertBucket"]}],"data":{"upsertBucket":null}}
2024-12-17 15:02:17,721 INFO    SenderThread:1644618 [retry.py:__call__():172] Retry attempt failed:
Traceback (most recent call last):
  File "/ceph/ssd/staff/schwinn/miniconda3/envs/capo_vlm/lib/python3.12/site-packages/wandb/sdk/lib/retry.py", line 131, in __call__
    result = self._call_fn(*args, **kwargs)
             ^^^^^^^^^^^^^^^^^^^^^^^^^^^^^^
  File "/ceph/ssd/staff/schwinn/miniconda3/envs/capo_vlm/lib/python3.12/site-packages/wandb/sdk/internal/internal_api.py", line 340, in execute
    return self.client.execute(*args, **kwargs)  # type: ignore
           ^^^^^^^^^^^^^^^^^^^^^^^^^^^^^^^^^^^^
  File "/ceph/ssd/staff/schwinn/miniconda3/envs/capo_vlm/lib/python3.12/site-packages/wandb/vendor/gql-0.2.0/wandb_gql/client.py", line 52, in execute
    result = self._get_result(document, *args, **kwargs)
             ^^^^^^^^^^^^^^^^^^^^^^^^^^^^^^^^^^^^^^^^^^^
  File "/ceph/ssd/staff/schwinn/miniconda3/envs/capo_vlm/lib/python3.12/site-packages/wandb/vendor/gql-0.2.0/wandb_gql/client.py", line 60, in _get_result
    return self.transport.execute(document, *args, **kwargs)
           ^^^^^^^^^^^^^^^^^^^^^^^^^^^^^^^^^^^^^^^^^^^^^^^^^
  File "/ceph/ssd/staff/schwinn/miniconda3/envs/capo_vlm/lib/python3.12/site-packages/wandb/sdk/lib/gql_request.py", line 59, in execute
    request.raise_for_status()
  File "/ceph/ssd/staff/schwinn/miniconda3/envs/capo_vlm/lib/python3.12/site-packages/requests/models.py", line 1024, in raise_for_status
    raise HTTPError(http_error_msg, response=self)
requests.exceptions.HTTPError: 409 Client Error: Conflict for url: https://api.wandb.ai/graphql
2024-12-17 15:02:18,029 DEBUG   HandlerThread:1644618 [handler.py:handle_request():158] handle_request: keepalive
2024-12-17 15:02:22,350 ERROR   SenderThread:1644618 [internal_api.py:execute():344] 409 response executing GraphQL.
2024-12-17 15:02:22,350 ERROR   SenderThread:1644618 [internal_api.py:execute():345] {"errors":[{"message":"run 20241212161856 was previously created and deleted; try a new run name","path":["upsertBucket"]}],"data":{"upsertBucket":null}}
2024-12-17 15:02:23,030 DEBUG   HandlerThread:1644618 [handler.py:handle_request():158] handle_request: keepalive
2024-12-17 15:02:28,031 DEBUG   HandlerThread:1644618 [handler.py:handle_request():158] handle_request: keepalive
2024-12-17 15:02:32,069 ERROR   SenderThread:1644618 [internal_api.py:execute():344] 409 response executing GraphQL.
2024-12-17 15:02:32,069 ERROR   SenderThread:1644618 [internal_api.py:execute():345] {"errors":[{"message":"run 20241212161856 was previously created and deleted; try a new run name","path":["upsertBucket"]}],"data":{"upsertBucket":null}}
2024-12-17 15:02:33,032 DEBUG   HandlerThread:1644618 [handler.py:handle_request():158] handle_request: keepalive
2024-12-17 15:02:38,033 DEBUG   HandlerThread:1644618 [handler.py:handle_request():158] handle_request: keepalive
2024-12-17 15:02:43,034 DEBUG   HandlerThread:1644618 [handler.py:handle_request():158] handle_request: keepalive
2024-12-17 15:02:48,036 DEBUG   HandlerThread:1644618 [handler.py:handle_request():158] handle_request: keepalive
2024-12-17 15:02:48,896 ERROR   SenderThread:1644618 [internal_api.py:execute():344] 409 response executing GraphQL.
2024-12-17 15:02:48,896 ERROR   SenderThread:1644618 [internal_api.py:execute():345] {"errors":[{"message":"run 20241212161856 was previously created and deleted; try a new run name","path":["upsertBucket"]}],"data":{"upsertBucket":null}}
2024-12-17 15:02:53,037 DEBUG   HandlerThread:1644618 [handler.py:handle_request():158] handle_request: keepalive
2024-12-17 15:02:58,038 DEBUG   HandlerThread:1644618 [handler.py:handle_request():158] handle_request: keepalive
2024-12-17 15:03:03,039 DEBUG   HandlerThread:1644618 [handler.py:handle_request():158] handle_request: keepalive
2024-12-17 15:03:08,040 DEBUG   HandlerThread:1644618 [handler.py:handle_request():158] handle_request: keepalive
2024-12-17 15:03:09,635 DEBUG   HandlerThread:1644618 [handler.py:handle_request():158] handle_request: shutdown
2024-12-17 15:03:09,635 INFO    HandlerThread:1644618 [handler.py:finish():882] shutting down handler
2024-12-17 15:03:09,652 INFO    WriterThread:1644618 [datastore.py:close():296] close: /ceph/ssd/staff/schwinn/projects/25/llm-quick-check/wandb/run-20241217_150212-20241212161856/run-20241212161856.wandb
2024-12-17 15:03:24,298 ERROR   SenderThread:1644618 [internal_api.py:execute():344] 409 response executing GraphQL.
2024-12-17 15:03:24,298 ERROR   SenderThread:1644618 [internal_api.py:execute():345] {"errors":[{"message":"run 20241212161856 was previously created and deleted; try a new run name","path":["upsertBucket"]}],"data":{"upsertBucket":null}}
2024-12-17 15:03:24,298 ERROR   SenderThread:1644618 [sender.py:send_run():1009] [Errno 32] Broken pipe
Traceback (most recent call last):
  File "/ceph/ssd/staff/schwinn/miniconda3/envs/capo_vlm/lib/python3.12/site-packages/wandb/sdk/internal/internal_api.py", line 340, in execute
    return self.client.execute(*args, **kwargs)  # type: ignore
           ^^^^^^^^^^^^^^^^^^^^^^^^^^^^^^^^^^^^
  File "/ceph/ssd/staff/schwinn/miniconda3/envs/capo_vlm/lib/python3.12/site-packages/wandb/vendor/gql-0.2.0/wandb_gql/client.py", line 52, in execute
    result = self._get_result(document, *args, **kwargs)
             ^^^^^^^^^^^^^^^^^^^^^^^^^^^^^^^^^^^^^^^^^^^
  File "/ceph/ssd/staff/schwinn/miniconda3/envs/capo_vlm/lib/python3.12/site-packages/wandb/vendor/gql-0.2.0/wandb_gql/client.py", line 60, in _get_result
    return self.transport.execute(document, *args, **kwargs)
           ^^^^^^^^^^^^^^^^^^^^^^^^^^^^^^^^^^^^^^^^^^^^^^^^^
  File "/ceph/ssd/staff/schwinn/miniconda3/envs/capo_vlm/lib/python3.12/site-packages/wandb/sdk/lib/gql_request.py", line 59, in execute
    request.raise_for_status()
  File "/ceph/ssd/staff/schwinn/miniconda3/envs/capo_vlm/lib/python3.12/site-packages/requests/models.py", line 1024, in raise_for_status
    raise HTTPError(http_error_msg, response=self)
requests.exceptions.HTTPError: 409 Client Error: Conflict for url: https://api.wandb.ai/graphql

During handling of the above exception, another exception occurred:

Traceback (most recent call last):
  File "/ceph/ssd/staff/schwinn/miniconda3/envs/capo_vlm/lib/python3.12/site-packages/wandb/apis/normalize.py", line 41, in wrapper
    return func(*args, **kwargs)
           ^^^^^^^^^^^^^^^^^^^^^
  File "/ceph/ssd/staff/schwinn/miniconda3/envs/capo_vlm/lib/python3.12/site-packages/wandb/sdk/internal/internal_api.py", line 2190, in upsert_run
    response = self.gql(
               ^^^^^^^^^
  File "/ceph/ssd/staff/schwinn/miniconda3/envs/capo_vlm/lib/python3.12/site-packages/wandb/sdk/internal/internal_api.py", line 312, in gql
    ret = self._retry_gql(
          ^^^^^^^^^^^^^^^^
  File "/ceph/ssd/staff/schwinn/miniconda3/envs/capo_vlm/lib/python3.12/site-packages/wandb/sdk/lib/retry.py", line 131, in __call__
    result = self._call_fn(*args, **kwargs)
             ^^^^^^^^^^^^^^^^^^^^^^^^^^^^^^
  File "/ceph/ssd/staff/schwinn/miniconda3/envs/capo_vlm/lib/python3.12/site-packages/wandb/sdk/internal/internal_api.py", line 347, in execute
    wandb.termerror(f"Error while calling W&B API: {error} ({response})")
  File "/ceph/ssd/staff/schwinn/miniconda3/envs/capo_vlm/lib/python3.12/site-packages/wandb/errors/term.py", line 64, in termerror
    _log(
  File "/ceph/ssd/staff/schwinn/miniconda3/envs/capo_vlm/lib/python3.12/site-packages/wandb/errors/term.py", line 103, in _log
    click.echo(line, file=sys.stderr, nl=newline)
  File "/ceph/ssd/staff/schwinn/miniconda3/envs/capo_vlm/lib/python3.12/site-packages/click/utils.py", line 318, in echo
    file.write(out)  # type: ignore
    ^^^^^^^^^^^^^^^
BrokenPipeError: [Errno 32] Broken pipe

During handling of the above exception, another exception occurred:

Traceback (most recent call last):
  File "/ceph/ssd/staff/schwinn/miniconda3/envs/capo_vlm/lib/python3.12/site-packages/wandb/sdk/internal/sender.py", line 1007, in send_run
    server_run = self._init_run(run, config_value_dict)
                 ^^^^^^^^^^^^^^^^^^^^^^^^^^^^^^^^^^^^^^
  File "/ceph/ssd/staff/schwinn/miniconda3/envs/capo_vlm/lib/python3.12/site-packages/wandb/sdk/internal/sender.py", line 1079, in _init_run
    server_run, inserted, server_messages = self._api.upsert_run(
                                            ^^^^^^^^^^^^^^^^^^^^^
  File "/ceph/ssd/staff/schwinn/miniconda3/envs/capo_vlm/lib/python3.12/site-packages/wandb/apis/normalize.py", line 87, in wrapper
    raise CommError(message, err).with_traceback(sys.exc_info()[2])
  File "/ceph/ssd/staff/schwinn/miniconda3/envs/capo_vlm/lib/python3.12/site-packages/wandb/apis/normalize.py", line 41, in wrapper
    return func(*args, **kwargs)
           ^^^^^^^^^^^^^^^^^^^^^
  File "/ceph/ssd/staff/schwinn/miniconda3/envs/capo_vlm/lib/python3.12/site-packages/wandb/sdk/internal/internal_api.py", line 2190, in upsert_run
    response = self.gql(
               ^^^^^^^^^
  File "/ceph/ssd/staff/schwinn/miniconda3/envs/capo_vlm/lib/python3.12/site-packages/wandb/sdk/internal/internal_api.py", line 312, in gql
    ret = self._retry_gql(
          ^^^^^^^^^^^^^^^^
  File "/ceph/ssd/staff/schwinn/miniconda3/envs/capo_vlm/lib/python3.12/site-packages/wandb/sdk/lib/retry.py", line 131, in __call__
    result = self._call_fn(*args, **kwargs)
             ^^^^^^^^^^^^^^^^^^^^^^^^^^^^^^
  File "/ceph/ssd/staff/schwinn/miniconda3/envs/capo_vlm/lib/python3.12/site-packages/wandb/sdk/internal/internal_api.py", line 347, in execute
    wandb.termerror(f"Error while calling W&B API: {error} ({response})")
  File "/ceph/ssd/staff/schwinn/miniconda3/envs/capo_vlm/lib/python3.12/site-packages/wandb/errors/term.py", line 64, in termerror
    _log(
  File "/ceph/ssd/staff/schwinn/miniconda3/envs/capo_vlm/lib/python3.12/site-packages/wandb/errors/term.py", line 103, in _log
    click.echo(line, file=sys.stderr, nl=newline)
  File "/ceph/ssd/staff/schwinn/miniconda3/envs/capo_vlm/lib/python3.12/site-packages/click/utils.py", line 318, in echo
    file.write(out)  # type: ignore
    ^^^^^^^^^^^^^^^
wandb.errors.CommError: [Errno 32] Broken pipe
2024-12-17 15:03:24,310 INFO    SenderThread:1644618 [sender.py:finish():1608] shutting down sender
